<?xml version="1.0" encoding="UTF-8"?>
<testng-results ignored="0" total="1" passed="1" failed="0" skipped="0">
  <reporter-output>
  </reporter-output>
  <suite started-at="2024-08-22T14:29:59 IST" name="Default suite" finished-at="2024-08-22T14:30:03 IST" duration-ms="3982">
    <groups>
    </groups>
    <test started-at="2024-08-22T14:29:59 IST" name="Default test" finished-at="2024-08-22T14:30:03 IST" duration-ms="3982">
      <class name="httprequestmethod.APIkeyAuth">
        <test-method signature="authorization()[pri:0, instance:httprequestmethod.APIkeyAuth@3e11f9e9]" started-at="2024-08-22T14:29:59 IST" name="authorization" finished-at="2024-08-22T14:30:03 IST" duration-ms="3911" status="PASS">
          <reporter-output>
          </reporter-output>
        </test-method> <!-- authorization -->
      </class> <!-- httprequestmethod.APIkeyAuth -->
    </test> <!-- Default test -->
  </suite> <!-- Default suite -->
</testng-results>
